2023-08-02 14:42:01.410 ERROR [http-nio-8080-exec-1] [com.java.pms.ExceptionHandler.handleException(ExceptionHandler.java:19)] - An error occurred
java.lang.NullPointerException: null
	at com.java.pms.PharmacyDaoImpl.logout(PharmacyDaoImpl.java:217) [PharmacyDaoImpl.class:?]
	at sun.reflect.NativeMethodAccessorImpl.invoke0(Native Method) ~[?:1.8.0_20]
	at sun.reflect.NativeMethodAccessorImpl.invoke(Unknown Source) ~[?:1.8.0_20]
	at sun.reflect.DelegatingMethodAccessorImpl.invoke(Unknown Source) ~[?:1.8.0_20]
	at java.lang.reflect.Method.invoke(Unknown Source) ~[?:1.8.0_20]
	at org.apache.el.parser.AstValue.invoke(AstValue.java:245) [jasper-el.jar:8.0.15]
	at org.apache.el.MethodExpressionImpl.invoke(MethodExpressionImpl.java:267) [jasper-el.jar:8.0.15]
	at com.sun.faces.facelets.el.TagMethodExpression.invoke(TagMethodExpression.java:105) [jsf-impl-2.2.0.jar:2.2.0]
	at javax.faces.component.MethodBindingMethodExpressionAdapter.invoke(MethodBindingMethodExpressionAdapter.java:87) [jsf-api-2.2.0.jar:2.2]
	at com.sun.faces.application.ActionListenerImpl.processAction(ActionListenerImpl.java:102) [jsf-impl-2.2.0.jar:2.2.0]
	at javax.faces.component.UICommand.broadcast(UICommand.java:315) [jsf-api-2.2.0.jar:2.2]
	at javax.faces.component.UIViewRoot.broadcastEvents(UIViewRoot.java:790) [jsf-api-2.2.0.jar:2.2]
	at javax.faces.component.UIViewRoot.processApplication(UIViewRoot.java:1282) [jsf-api-2.2.0.jar:2.2]
	at com.sun.faces.lifecycle.InvokeApplicationPhase.execute(InvokeApplicationPhase.java:81) [jsf-impl-2.2.0.jar:2.2.0]
	at com.sun.faces.lifecycle.Phase.doPhase(Phase.java:101) [jsf-impl-2.2.0.jar:2.2.0]
	at com.sun.faces.lifecycle.LifecycleImpl.execute(LifecycleImpl.java:198) [jsf-impl-2.2.0.jar:2.2.0]
	at javax.faces.webapp.FacesServlet.service(FacesServlet.java:646) [jsf-api-2.2.0.jar:2.2]
	at org.apache.catalina.core.ApplicationFilterChain.internalDoFilter(ApplicationFilterChain.java:291) [catalina.jar:8.0.15]
	at org.apache.catalina.core.ApplicationFilterChain.doFilter(ApplicationFilterChain.java:206) [catalina.jar:8.0.15]
	at org.apache.tomcat.websocket.server.WsFilter.doFilter(WsFilter.java:52) [tomcat-websocket.jar:8.0.15]
	at org.apache.catalina.core.ApplicationFilterChain.internalDoFilter(ApplicationFilterChain.java:239) [catalina.jar:8.0.15]
	at org.apache.catalina.core.ApplicationFilterChain.doFilter(ApplicationFilterChain.java:206) [catalina.jar:8.0.15]
	at org.apache.catalina.core.StandardWrapperValve.invoke(StandardWrapperValve.java:219) [catalina.jar:8.0.15]
	at org.apache.catalina.core.StandardContextValve.invoke(StandardContextValve.java:106) [catalina.jar:8.0.15]
	at org.apache.catalina.authenticator.AuthenticatorBase.invoke(AuthenticatorBase.java:501) [catalina.jar:8.0.15]
	at org.apache.catalina.core.StandardHostValve.invoke(StandardHostValve.java:142) [catalina.jar:8.0.15]
	at org.apache.catalina.valves.ErrorReportValve.invoke(ErrorReportValve.java:79) [catalina.jar:8.0.15]
	at org.apache.catalina.valves.AbstractAccessLogValve.invoke(AbstractAccessLogValve.java:610) [catalina.jar:8.0.15]
	at org.apache.catalina.core.StandardEngineValve.invoke(StandardEngineValve.java:88) [catalina.jar:8.0.15]
	at org.apache.catalina.connector.CoyoteAdapter.service(CoyoteAdapter.java:537) [catalina.jar:8.0.15]
	at org.apache.coyote.http11.AbstractHttp11Processor.process(AbstractHttp11Processor.java:1085) [tomcat-coyote.jar:8.0.15]
	at org.apache.coyote.AbstractProtocol$AbstractConnectionHandler.process(AbstractProtocol.java:658) [tomcat-coyote.jar:8.0.15]
	at org.apache.coyote.http11.Http11NioProtocol$Http11ConnectionHandler.process(Http11NioProtocol.java:222) [tomcat-coyote.jar:8.0.15]
	at org.apache.tomcat.util.net.NioEndpoint$SocketProcessor.doRun(NioEndpoint.java:1556) [tomcat-coyote.jar:8.0.15]
	at org.apache.tomcat.util.net.NioEndpoint$SocketProcessor.run(NioEndpoint.java:1513) [tomcat-coyote.jar:8.0.15]
	at java.util.concurrent.ThreadPoolExecutor.runWorker(Unknown Source) [?:1.8.0_20]
	at java.util.concurrent.ThreadPoolExecutor$Worker.run(Unknown Source) [?:1.8.0_20]
	at org.apache.tomcat.util.threads.TaskThread$WrappingRunnable.run(TaskThread.java:61) [tomcat-util.jar:8.0.15]
	at java.lang.Thread.run(Unknown Source) [?:1.8.0_20]
2023-08-02 14:44:42.892 INFO [http-nio-8080-exec-3] [com.java.pms.PharmacyDaoImpl.AddPharmacyDetail(PharmacyDaoImpl.java:104)] - Record Inserted
2023-08-02 14:44:56.114 INFO [http-nio-8080-exec-4] [com.java.pms.PharmacyDaoImpl.validateMe(PharmacyDaoImpl.java:186)] - Record Inserted
2023-08-02 14:45:15.981 INFO [http-nio-8080-exec-5] [com.java.pms.PharmacyDaoImpl.validateMe(PharmacyDaoImpl.java:186)] - Record Inserted
2023-08-02 14:45:48.099 INFO [http-nio-8080-exec-7] [com.java.pms.PharmacyDaoImpl.validateMe(PharmacyDaoImpl.java:186)] - Record Inserted
2023-08-02 14:46:21.100 INFO [http-nio-8080-exec-9] [com.java.pms.PharmacyDaoImpl.AddRole(PharmacyDaoImpl.java:133)] - Record Inserted
