2023-05-15 12:15:52.224 ERROR [http-nio-8080-exec-2] [com.java.pms.ExceptionHandler.handleException(ExceptionHandler.java:19)] - An error occurred
org.hibernate.MappingException: Could not determine type for: javax.mail.Part, at table: doctor, for columns: [org.hibernate.mapping.Column(photoFile)]
	at org.hibernate.mapping.SimpleValue.getType(SimpleValue.java:336) ~[hibernate-core-4.3.5.Final.jar:4.3.5.Final]
	at org.hibernate.mapping.SimpleValue.isValid(SimpleValue.java:310) ~[hibernate-core-4.3.5.Final.jar:4.3.5.Final]
	at org.hibernate.mapping.Property.isValid(Property.java:241) ~[hibernate-core-4.3.5.Final.jar:4.3.5.Final]
	at org.hibernate.mapping.PersistentClass.validate(PersistentClass.java:496) ~[hibernate-core-4.3.5.Final.jar:4.3.5.Final]
	at org.hibernate.mapping.RootClass.validate(RootClass.java:270) ~[hibernate-core-4.3.5.Final.jar:4.3.5.Final]
	at org.hibernate.cfg.Configuration.validate(Configuration.java:1358) ~[hibernate-core-4.3.5.Final.jar:4.3.5.Final]
	at org.hibernate.cfg.Configuration.buildSessionFactory(Configuration.java:1849) ~[hibernate-core-4.3.5.Final.jar:4.3.5.Final]
	at org.hibernate.cfg.Configuration.buildSessionFactory(Configuration.java:1928) ~[hibernate-core-4.3.5.Final.jar:4.3.5.Final]
	at com.java.pms.SessionHelper.getConnection(SessionHelper.java:9) ~[SessionHelper.class:?]
	at com.java.pms.PharmacyDaoImpl.validateMe(PharmacyDaoImpl.java:163) [PharmacyDaoImpl.class:?]
	at sun.reflect.NativeMethodAccessorImpl.invoke0(Native Method) ~[?:1.8.0_20]
	at sun.reflect.NativeMethodAccessorImpl.invoke(Unknown Source) ~[?:1.8.0_20]
	at sun.reflect.DelegatingMethodAccessorImpl.invoke(Unknown Source) ~[?:1.8.0_20]
	at java.lang.reflect.Method.invoke(Unknown Source) ~[?:1.8.0_20]
	at org.apache.el.parser.AstValue.invoke(AstValue.java:245) [jasper-el.jar:8.0.15]
	at org.apache.el.MethodExpressionImpl.invoke(MethodExpressionImpl.java:267) [jasper-el.jar:8.0.15]
	at com.sun.faces.facelets.el.TagMethodExpression.invoke(TagMethodExpression.java:105) [jsf-impl-2.1.7.jar:2.1.7-SNAPSHOT]
	at javax.faces.component.MethodBindingMethodExpressionAdapter.invoke(MethodBindingMethodExpressionAdapter.java:88) [jsf-api-2.1.7.jar:2.1.7-SNAPSHOT]
	at com.sun.faces.application.ActionListenerImpl.processAction(ActionListenerImpl.java:102) [jsf-impl-2.1.7.jar:2.1.7-SNAPSHOT]
	at javax.faces.component.UICommand.broadcast(UICommand.java:315) [jsf-api-2.1.7.jar:2.1.7-SNAPSHOT]
	at javax.faces.component.UIViewRoot.broadcastEvents(UIViewRoot.java:794) [jsf-api-2.1.7.jar:2.1.7-SNAPSHOT]
	at javax.faces.component.UIViewRoot.processApplication(UIViewRoot.java:1259) [jsf-api-2.1.7.jar:2.1.7-SNAPSHOT]
	at com.sun.faces.lifecycle.InvokeApplicationPhase.execute(InvokeApplicationPhase.java:81) [jsf-impl-2.1.7.jar:2.1.7-SNAPSHOT]
	at com.sun.faces.lifecycle.Phase.doPhase(Phase.java:101) [jsf-impl-2.1.7.jar:2.1.7-SNAPSHOT]
	at com.sun.faces.lifecycle.LifecycleImpl.execute(LifecycleImpl.java:118) [jsf-impl-2.1.7.jar:2.1.7-SNAPSHOT]
	at javax.faces.webapp.FacesServlet.service(FacesServlet.java:593) [jsf-api-2.1.7.jar:2.1.7-SNAPSHOT]
	at org.apache.catalina.core.ApplicationFilterChain.internalDoFilter(ApplicationFilterChain.java:291) [catalina.jar:8.0.15]
	at org.apache.catalina.core.ApplicationFilterChain.doFilter(ApplicationFilterChain.java:206) [catalina.jar:8.0.15]
	at org.apache.tomcat.websocket.server.WsFilter.doFilter(WsFilter.java:52) [tomcat-websocket.jar:8.0.15]
	at org.apache.catalina.core.ApplicationFilterChain.internalDoFilter(ApplicationFilterChain.java:239) [catalina.jar:8.0.15]
	at org.apache.catalina.core.ApplicationFilterChain.doFilter(ApplicationFilterChain.java:206) [catalina.jar:8.0.15]
	at org.apache.catalina.core.StandardWrapperValve.invoke(StandardWrapperValve.java:219) [catalina.jar:8.0.15]
	at org.apache.catalina.core.StandardContextValve.invoke(StandardContextValve.java:106) [catalina.jar:8.0.15]
	at org.apache.catalina.authenticator.AuthenticatorBase.invoke(AuthenticatorBase.java:501) [catalina.jar:8.0.15]
	at org.apache.catalina.core.StandardHostValve.invoke(StandardHostValve.java:142) [catalina.jar:8.0.15]
	at org.apache.catalina.valves.ErrorReportValve.invoke(ErrorReportValve.java:79) [catalina.jar:8.0.15]
	at org.apache.catalina.valves.AbstractAccessLogValve.invoke(AbstractAccessLogValve.java:610) [catalina.jar:8.0.15]
	at org.apache.catalina.core.StandardEngineValve.invoke(StandardEngineValve.java:88) [catalina.jar:8.0.15]
	at org.apache.catalina.connector.CoyoteAdapter.service(CoyoteAdapter.java:537) [catalina.jar:8.0.15]
	at org.apache.coyote.http11.AbstractHttp11Processor.process(AbstractHttp11Processor.java:1085) [tomcat-coyote.jar:8.0.15]
	at org.apache.coyote.AbstractProtocol$AbstractConnectionHandler.process(AbstractProtocol.java:658) [tomcat-coyote.jar:8.0.15]
	at org.apache.coyote.http11.Http11NioProtocol$Http11ConnectionHandler.process(Http11NioProtocol.java:222) [tomcat-coyote.jar:8.0.15]
	at org.apache.tomcat.util.net.NioEndpoint$SocketProcessor.doRun(NioEndpoint.java:1556) [tomcat-coyote.jar:8.0.15]
	at org.apache.tomcat.util.net.NioEndpoint$SocketProcessor.run(NioEndpoint.java:1513) [tomcat-coyote.jar:8.0.15]
	at java.util.concurrent.ThreadPoolExecutor.runWorker(Unknown Source) [?:1.8.0_20]
	at java.util.concurrent.ThreadPoolExecutor$Worker.run(Unknown Source) [?:1.8.0_20]
	at org.apache.tomcat.util.threads.TaskThread$WrappingRunnable.run(TaskThread.java:61) [tomcat-util.jar:8.0.15]
	at java.lang.Thread.run(Unknown Source) [?:1.8.0_20]
